[35m[1mScanning dependencies of target std_msgs_generate_messages_lisp[0m
[35m[1mScanning dependencies of target _navigation_generate_messages_check_deps_PointArray[0m
[35m[1mScanning dependencies of target geometry_msgs_generate_messages_lisp[0m
[35m[1mScanning dependencies of target _navigation_generate_messages_check_deps_Planner[0m
[  0%] Built target geometry_msgs_generate_messages_lisp
[  0%] Built target std_msgs_generate_messages_lisp
[35m[1mScanning dependencies of target _navigation_generate_messages_check_deps_PolygonArray[0m
[35m[1mScanning dependencies of target geometry_msgs_generate_messages_py[0m
[  0%] Built target geometry_msgs_generate_messages_py
[35m[1mScanning dependencies of target std_msgs_generate_messages_py[0m
[  0%] Built target std_msgs_generate_messages_py
[35m[1mScanning dependencies of target geometry_msgs_generate_messages_nodejs[0m
[  0%] Built target geometry_msgs_generate_messages_nodejs
[35m[1mScanning dependencies of target std_msgs_generate_messages_nodejs[0m
[  0%] Built target std_msgs_generate_messages_nodejs
[35m[1mScanning dependencies of target geometry_msgs_generate_messages_cpp[0m
[  0%] Built target geometry_msgs_generate_messages_cpp
[35m[1mScanning dependencies of target std_msgs_generate_messages_cpp[0m
[  0%] Built target std_msgs_generate_messages_cpp
[35m[1mScanning dependencies of target std_msgs_generate_messages_eus[0m
[  0%] Built target std_msgs_generate_messages_eus
[35m[1mScanning dependencies of target geometry_msgs_generate_messages_eus[0m
[  0%] Built target geometry_msgs_generate_messages_eus
[  0%] Built target _navigation_generate_messages_check_deps_PolygonArray
[  0%] Built target _navigation_generate_messages_check_deps_PointArray
[  0%] Built target _navigation_generate_messages_check_deps_Planner
[35m[1mScanning dependencies of target navigation_generate_messages_lisp[0m
[35m[1mScanning dependencies of target navigation_generate_messages_nodejs[0m
[35m[1mScanning dependencies of target navigation_generate_messages_py[0m
[35m[1mScanning dependencies of target navigation_generate_messages_cpp[0m
[ 11%] [34m[1mGenerating Python from MSG navigation/PointArray[0m
[ 11%] [34m[1mGenerating Javascript code from navigation/PointArray.msg[0m
[ 16%] [34m[1mGenerating Lisp code from navigation/PointArray.msg[0m
[ 22%] [34m[1mGenerating C++ code from navigation/PointArray.msg[0m
[ 27%] [34m[1mGenerating Javascript code from navigation/PolygonArray.msg[0m
[ 33%] [34m[1mGenerating Javascript code from navigation/Planner.srv[0m
[ 38%] [34m[1mGenerating Lisp code from navigation/PolygonArray.msg[0m
[ 38%] Built target navigation_generate_messages_nodejs
[35m[1mScanning dependencies of target navigation_generate_messages_eus[0m
[ 44%] [34m[1mGenerating EusLisp code from navigation/PointArray.msg[0m
[ 50%] [34m[1mGenerating Lisp code from navigation/Planner.srv[0m
[ 55%] [34m[1mGenerating Python from MSG navigation/PolygonArray[0m
[ 55%] Built target navigation_generate_messages_lisp
[ 61%] [34m[1mGenerating Python code from SRV navigation/Planner[0m
[ 66%] [34m[1mGenerating C++ code from navigation/PolygonArray.msg[0m
[ 72%] [34m[1mGenerating EusLisp code from navigation/PolygonArray.msg[0m
[ 77%] [34m[1mGenerating Python msg __init__.py for navigation[0m
[ 83%] [34m[1mGenerating EusLisp code from navigation/Planner.srv[0m
[ 88%] [34m[1mGenerating EusLisp manifest code for navigation[0m
[ 94%] [34m[1mGenerating C++ code from navigation/Planner.srv[0m
[100%] [34m[1mGenerating Python srv __init__.py for navigation[0m
[100%] Built target navigation_generate_messages_py
[100%] Built target navigation_generate_messages_cpp
[100%] Built target navigation_generate_messages_eus
[35m[1mScanning dependencies of target navigation_generate_messages[0m
[100%] Built target navigation_generate_messages
