Linked: (/home/tyjo/catkin_ws_o/test_codes/Trotbot/trotbot_ws/devel/.private/navigation/lib/pkgconfig/navigation.pc, /home/tyjo/catkin_ws_o/test_codes/Trotbot/trotbot_ws/devel/lib/pkgconfig/navigation.pc)
Linked: (/home/tyjo/catkin_ws_o/test_codes/Trotbot/trotbot_ws/devel/.private/navigation/lib/python2.7/dist-packages/navigation/__init__.py, /home/tyjo/catkin_ws_o/test_codes/Trotbot/trotbot_ws/devel/lib/python2.7/dist-packages/navigation/__init__.py)
Linked: (/home/tyjo/catkin_ws_o/test_codes/Trotbot/trotbot_ws/devel/.private/navigation/lib/python2.7/dist-packages/navigation/srv/_Planner.py, /home/tyjo/catkin_ws_o/test_codes/Trotbot/trotbot_ws/devel/lib/python2.7/dist-packages/navigation/srv/_Planner.py)
Linked: (/home/tyjo/catkin_ws_o/test_codes/Trotbot/trotbot_ws/devel/.private/navigation/lib/python2.7/dist-packages/navigation/srv/__init__.py, /home/tyjo/catkin_ws_o/test_codes/Trotbot/trotbot_ws/devel/lib/python2.7/dist-packages/navigation/srv/__init__.py)
Linked: (/home/tyjo/catkin_ws_o/test_codes/Trotbot/trotbot_ws/devel/.private/navigation/lib/python2.7/dist-packages/navigation/msg/_PointArray.py, /home/tyjo/catkin_ws_o/test_codes/Trotbot/trotbot_ws/devel/lib/python2.7/dist-packages/navigation/msg/_PointArray.py)
Linked: (/home/tyjo/catkin_ws_o/test_codes/Trotbot/trotbot_ws/devel/.private/navigation/lib/python2.7/dist-packages/navigation/msg/_Point_xy.py, /home/tyjo/catkin_ws_o/test_codes/Trotbot/trotbot_ws/devel/lib/python2.7/dist-packages/navigation/msg/_Point_xy.py)
Linked: (/home/tyjo/catkin_ws_o/test_codes/Trotbot/trotbot_ws/devel/.private/navigation/lib/python2.7/dist-packages/navigation/msg/__init__.py, /home/tyjo/catkin_ws_o/test_codes/Trotbot/trotbot_ws/devel/lib/python2.7/dist-packages/navigation/msg/__init__.py)
Linked: (/home/tyjo/catkin_ws_o/test_codes/Trotbot/trotbot_ws/devel/.private/navigation/lib/python2.7/dist-packages/navigation/msg/_PolyArray.py, /home/tyjo/catkin_ws_o/test_codes/Trotbot/trotbot_ws/devel/lib/python2.7/dist-packages/navigation/msg/_PolyArray.py)
Linked: (/home/tyjo/catkin_ws_o/test_codes/Trotbot/trotbot_ws/devel/.private/navigation/share/navigation/cmake/navigation-msg-paths.cmake, /home/tyjo/catkin_ws_o/test_codes/Trotbot/trotbot_ws/devel/share/navigation/cmake/navigation-msg-paths.cmake)
Linked: (/home/tyjo/catkin_ws_o/test_codes/Trotbot/trotbot_ws/devel/.private/navigation/share/navigation/cmake/navigationConfig.cmake, /home/tyjo/catkin_ws_o/test_codes/Trotbot/trotbot_ws/devel/share/navigation/cmake/navigationConfig.cmake)
Linked: (/home/tyjo/catkin_ws_o/test_codes/Trotbot/trotbot_ws/devel/.private/navigation/share/navigation/cmake/navigation-msg-extras.cmake, /home/tyjo/catkin_ws_o/test_codes/Trotbot/trotbot_ws/devel/share/navigation/cmake/navigation-msg-extras.cmake)
Linked: (/home/tyjo/catkin_ws_o/test_codes/Trotbot/trotbot_ws/devel/.private/navigation/share/navigation/cmake/navigationConfig-version.cmake, /home/tyjo/catkin_ws_o/test_codes/Trotbot/trotbot_ws/devel/share/navigation/cmake/navigationConfig-version.cmake)
Linked: (/home/tyjo/catkin_ws_o/test_codes/Trotbot/trotbot_ws/devel/.private/navigation/share/gennodejs/ros/navigation/_index.js, /home/tyjo/catkin_ws_o/test_codes/Trotbot/trotbot_ws/devel/share/gennodejs/ros/navigation/_index.js)
Linked: (/home/tyjo/catkin_ws_o/test_codes/Trotbot/trotbot_ws/devel/.private/navigation/share/gennodejs/ros/navigation/srv/_index.js, /home/tyjo/catkin_ws_o/test_codes/Trotbot/trotbot_ws/devel/share/gennodejs/ros/navigation/srv/_index.js)
Linked: (/home/tyjo/catkin_ws_o/test_codes/Trotbot/trotbot_ws/devel/.private/navigation/share/gennodejs/ros/navigation/srv/Planner.js, /home/tyjo/catkin_ws_o/test_codes/Trotbot/trotbot_ws/devel/share/gennodejs/ros/navigation/srv/Planner.js)
Linked: (/home/tyjo/catkin_ws_o/test_codes/Trotbot/trotbot_ws/devel/.private/navigation/share/gennodejs/ros/navigation/msg/_index.js, /home/tyjo/catkin_ws_o/test_codes/Trotbot/trotbot_ws/devel/share/gennodejs/ros/navigation/msg/_index.js)
Linked: (/home/tyjo/catkin_ws_o/test_codes/Trotbot/trotbot_ws/devel/.private/navigation/share/gennodejs/ros/navigation/msg/PolyArray.js, /home/tyjo/catkin_ws_o/test_codes/Trotbot/trotbot_ws/devel/share/gennodejs/ros/navigation/msg/PolyArray.js)
Linked: (/home/tyjo/catkin_ws_o/test_codes/Trotbot/trotbot_ws/devel/.private/navigation/share/gennodejs/ros/navigation/msg/Point_xy.js, /home/tyjo/catkin_ws_o/test_codes/Trotbot/trotbot_ws/devel/share/gennodejs/ros/navigation/msg/Point_xy.js)
Linked: (/home/tyjo/catkin_ws_o/test_codes/Trotbot/trotbot_ws/devel/.private/navigation/share/gennodejs/ros/navigation/msg/PointArray.js, /home/tyjo/catkin_ws_o/test_codes/Trotbot/trotbot_ws/devel/share/gennodejs/ros/navigation/msg/PointArray.js)
Linked: (/home/tyjo/catkin_ws_o/test_codes/Trotbot/trotbot_ws/devel/.private/navigation/share/roseus/ros/navigation/manifest.l, /home/tyjo/catkin_ws_o/test_codes/Trotbot/trotbot_ws/devel/share/roseus/ros/navigation/manifest.l)
Linked: (/home/tyjo/catkin_ws_o/test_codes/Trotbot/trotbot_ws/devel/.private/navigation/share/roseus/ros/navigation/srv/Planner.l, /home/tyjo/catkin_ws_o/test_codes/Trotbot/trotbot_ws/devel/share/roseus/ros/navigation/srv/Planner.l)
Linked: (/home/tyjo/catkin_ws_o/test_codes/Trotbot/trotbot_ws/devel/.private/navigation/share/roseus/ros/navigation/msg/PolyArray.l, /home/tyjo/catkin_ws_o/test_codes/Trotbot/trotbot_ws/devel/share/roseus/ros/navigation/msg/PolyArray.l)
Linked: (/home/tyjo/catkin_ws_o/test_codes/Trotbot/trotbot_ws/devel/.private/navigation/share/roseus/ros/navigation/msg/PointArray.l, /home/tyjo/catkin_ws_o/test_codes/Trotbot/trotbot_ws/devel/share/roseus/ros/navigation/msg/PointArray.l)
Linked: (/home/tyjo/catkin_ws_o/test_codes/Trotbot/trotbot_ws/devel/.private/navigation/share/roseus/ros/navigation/msg/Point_xy.l, /home/tyjo/catkin_ws_o/test_codes/Trotbot/trotbot_ws/devel/share/roseus/ros/navigation/msg/Point_xy.l)
Linked: (/home/tyjo/catkin_ws_o/test_codes/Trotbot/trotbot_ws/devel/.private/navigation/share/common-lisp/ros/navigation/srv/_package_Planner.lisp, /home/tyjo/catkin_ws_o/test_codes/Trotbot/trotbot_ws/devel/share/common-lisp/ros/navigation/srv/_package_Planner.lisp)
Linked: (/home/tyjo/catkin_ws_o/test_codes/Trotbot/trotbot_ws/devel/.private/navigation/share/common-lisp/ros/navigation/srv/Planner.lisp, /home/tyjo/catkin_ws_o/test_codes/Trotbot/trotbot_ws/devel/share/common-lisp/ros/navigation/srv/Planner.lisp)
Linked: (/home/tyjo/catkin_ws_o/test_codes/Trotbot/trotbot_ws/devel/.private/navigation/share/common-lisp/ros/navigation/srv/navigation-srv.asd, /home/tyjo/catkin_ws_o/test_codes/Trotbot/trotbot_ws/devel/share/common-lisp/ros/navigation/srv/navigation-srv.asd)
Linked: (/home/tyjo/catkin_ws_o/test_codes/Trotbot/trotbot_ws/devel/.private/navigation/share/common-lisp/ros/navigation/srv/_package.lisp, /home/tyjo/catkin_ws_o/test_codes/Trotbot/trotbot_ws/devel/share/common-lisp/ros/navigation/srv/_package.lisp)
Linked: (/home/tyjo/catkin_ws_o/test_codes/Trotbot/trotbot_ws/devel/.private/navigation/share/common-lisp/ros/navigation/msg/PointArray.lisp, /home/tyjo/catkin_ws_o/test_codes/Trotbot/trotbot_ws/devel/share/common-lisp/ros/navigation/msg/PointArray.lisp)
Linked: (/home/tyjo/catkin_ws_o/test_codes/Trotbot/trotbot_ws/devel/.private/navigation/share/common-lisp/ros/navigation/msg/_package_Point_xy.lisp, /home/tyjo/catkin_ws_o/test_codes/Trotbot/trotbot_ws/devel/share/common-lisp/ros/navigation/msg/_package_Point_xy.lisp)
Linked: (/home/tyjo/catkin_ws_o/test_codes/Trotbot/trotbot_ws/devel/.private/navigation/share/common-lisp/ros/navigation/msg/PolyArray.lisp, /home/tyjo/catkin_ws_o/test_codes/Trotbot/trotbot_ws/devel/share/common-lisp/ros/navigation/msg/PolyArray.lisp)
Linked: (/home/tyjo/catkin_ws_o/test_codes/Trotbot/trotbot_ws/devel/.private/navigation/share/common-lisp/ros/navigation/msg/_package_PointArray.lisp, /home/tyjo/catkin_ws_o/test_codes/Trotbot/trotbot_ws/devel/share/common-lisp/ros/navigation/msg/_package_PointArray.lisp)
Linked: (/home/tyjo/catkin_ws_o/test_codes/Trotbot/trotbot_ws/devel/.private/navigation/share/common-lisp/ros/navigation/msg/navigation-msg.asd, /home/tyjo/catkin_ws_o/test_codes/Trotbot/trotbot_ws/devel/share/common-lisp/ros/navigation/msg/navigation-msg.asd)
Linked: (/home/tyjo/catkin_ws_o/test_codes/Trotbot/trotbot_ws/devel/.private/navigation/share/common-lisp/ros/navigation/msg/_package_PolyArray.lisp, /home/tyjo/catkin_ws_o/test_codes/Trotbot/trotbot_ws/devel/share/common-lisp/ros/navigation/msg/_package_PolyArray.lisp)
Linked: (/home/tyjo/catkin_ws_o/test_codes/Trotbot/trotbot_ws/devel/.private/navigation/share/common-lisp/ros/navigation/msg/Point_xy.lisp, /home/tyjo/catkin_ws_o/test_codes/Trotbot/trotbot_ws/devel/share/common-lisp/ros/navigation/msg/Point_xy.lisp)
Linked: (/home/tyjo/catkin_ws_o/test_codes/Trotbot/trotbot_ws/devel/.private/navigation/share/common-lisp/ros/navigation/msg/_package.lisp, /home/tyjo/catkin_ws_o/test_codes/Trotbot/trotbot_ws/devel/share/common-lisp/ros/navigation/msg/_package.lisp)
Linked: (/home/tyjo/catkin_ws_o/test_codes/Trotbot/trotbot_ws/devel/.private/navigation/include/navigation/Point_xy.h, /home/tyjo/catkin_ws_o/test_codes/Trotbot/trotbot_ws/devel/include/navigation/Point_xy.h)
Linked: (/home/tyjo/catkin_ws_o/test_codes/Trotbot/trotbot_ws/devel/.private/navigation/include/navigation/Planner.h, /home/tyjo/catkin_ws_o/test_codes/Trotbot/trotbot_ws/devel/include/navigation/Planner.h)
Linked: (/home/tyjo/catkin_ws_o/test_codes/Trotbot/trotbot_ws/devel/.private/navigation/include/navigation/PlannerRequest.h, /home/tyjo/catkin_ws_o/test_codes/Trotbot/trotbot_ws/devel/include/navigation/PlannerRequest.h)
Linked: (/home/tyjo/catkin_ws_o/test_codes/Trotbot/trotbot_ws/devel/.private/navigation/include/navigation/PlannerResponse.h, /home/tyjo/catkin_ws_o/test_codes/Trotbot/trotbot_ws/devel/include/navigation/PlannerResponse.h)
Linked: (/home/tyjo/catkin_ws_o/test_codes/Trotbot/trotbot_ws/devel/.private/navigation/include/navigation/PolyArray.h, /home/tyjo/catkin_ws_o/test_codes/Trotbot/trotbot_ws/devel/include/navigation/PolyArray.h)
Linked: (/home/tyjo/catkin_ws_o/test_codes/Trotbot/trotbot_ws/devel/.private/navigation/include/navigation/PointArray.h, /home/tyjo/catkin_ws_o/test_codes/Trotbot/trotbot_ws/devel/include/navigation/PointArray.h)
