[  0%] Built target std_msgs_generate_messages_lisp
[  0%] Built target geometry_msgs_generate_messages_lisp
[  0%] Built target _navigation_generate_messages_check_deps_PointArray
[  0%] Built target _navigation_generate_messages_check_deps_PolyArray
[  0%] Built target geometry_msgs_generate_messages_py
[  0%] Built target _navigation_generate_messages_check_deps_Point_xy
[  0%] Built target std_msgs_generate_messages_py
[  0%] Built target geometry_msgs_generate_messages_nodejs
[  0%] Built target std_msgs_generate_messages_nodejs
[  0%] Built target _navigation_generate_messages_check_deps_Planner
[  0%] Built target geometry_msgs_generate_messages_cpp
[  0%] Built target std_msgs_generate_messages_cpp
[  4%] Built target std_msgs_generate_messages_eus
[  4%] [34m[1mGenerating Lisp code from navigation/Point_xy.msg[0m
[  4%] Built target geometry_msgs_generate_messages_eus
[  8%] [34m[1mGenerating Python from MSG navigation/Point_xy[0m
[ 13%] [34m[1mGenerating Javascript code from navigation/Point_xy.msg[0m
[ 17%] [34m[1mGenerating Lisp code from navigation/PolyArray.msg[0m
[ 21%] [34m[1mGenerating Javascript code from navigation/PolyArray.msg[0m
[ 26%] [34m[1mGenerating Lisp code from navigation/PointArray.msg[0m
[ 30%] [34m[1mGenerating Javascript code from navigation/PointArray.msg[0m
[ 34%] [34m[1mGenerating Python from MSG navigation/PolyArray[0m
[ 39%] [34m[1mGenerating Lisp code from navigation/Planner.srv[0m
[ 43%] [34m[1mGenerating Javascript code from navigation/Planner.srv[0m
[ 43%] Built target navigation_generate_messages_lisp
[ 43%] Built target navigation_generate_messages_nodejs
[ 47%] [34m[1mGenerating Python from MSG navigation/PointArray[0m
[ 52%] [34m[1mGenerating C++ code from navigation/Point_xy.msg[0m
[ 56%] [34m[1mGenerating Python code from SRV navigation/Planner[0m
[ 60%] [34m[1mGenerating C++ code from navigation/PolyArray.msg[0m
[ 65%] [34m[1mGenerating Python msg __init__.py for navigation[0m
[ 69%] [34m[1mGenerating C++ code from navigation/PointArray.msg[0m
[ 73%] [34m[1mGenerating Python srv __init__.py for navigation[0m
[ 78%] [34m[1mGenerating C++ code from navigation/Planner.srv[0m
[ 82%] [34m[1mGenerating EusLisp code from navigation/Point_xy.msg[0m
[ 82%] Built target navigation_generate_messages_py
[ 86%] [34m[1mGenerating EusLisp code from navigation/PolyArray.msg[0m
[ 91%] [34m[1mGenerating EusLisp code from navigation/PointArray.msg[0m
[ 95%] [34m[1mGenerating EusLisp code from navigation/Planner.srv[0m
[ 95%] Built target navigation_generate_messages_cpp
[100%] Built target navigation_generate_messages_eus
[100%] Built target navigation_generate_messages
