[36m--[0m Using CATKIN_DEVEL_PREFIX: /home/tyjo/catkin_ws_o/test_codes/Trotbot/trotbot_ws/devel/.private/navigation
[36m--[0m Using CMAKE_PREFIX_PATH: /home/tyjo/catkin_ws_o/test_codes/Trotbot/trotbot_ws/devel;/home/tyjo/catkin_ws_o/catkin_ws_kratos/devel;/home/tyjo/catkin_ws_o/catkin_ws_trot/devel;/home/tyjo/packagez/rovio_pack/catkin_ws_kalibr/devel;/opt/ros/kinetic
[36m--[0m This workspace overlays: /home/tyjo/catkin_ws_o/test_codes/Trotbot/trotbot_ws/devel;/home/tyjo/catkin_ws_o/catkin_ws_kratos/devel;/home/tyjo/catkin_ws_o/catkin_ws_trot/devel;/home/tyjo/packagez/rovio_pack/catkin_ws_kalibr/devel;/opt/ros/kinetic
[36m--[0m Using PYTHON_EXECUTABLE: /usr/bin/python
[36m--[0m Using Debian Python package layout
[36m--[0m Using empy: /usr/bin/empy
[36m--[0m Using CATKIN_ENABLE_TESTING: ON
[36m--[0m Call enable_testing()
[36m--[0m Using CATKIN_TEST_RESULTS_DIR: /home/tyjo/catkin_ws_o/test_codes/Trotbot/trotbot_ws/build/navigation/test_results
[36m--[0m Found gmock sources under '/usr/src/gmock': gmock will be built
[36m--[0m Found gtest sources under '/usr/src/gmock': gtests will be built
[36m--[0m Using Python nosetests: /usr/bin/nosetests-2.7
[36m--[0m catkin 0.7.18
[36m--[0m BUILD_SHARED_LIBS is on
[36m--[0m Using these message generators: gencpp;geneus;genlisp;gennodejs;genpy
[36m--[0m navigation: 3 messages, 1 services
[31m[1mCMake Error[0m at /opt/ros/kinetic/share/catkin/cmake/catkin_package.cmake:224 (message):
  catkin_package() DEPENDS on the catkin package 'navigation' which must
  therefore be listed as a run dependency in the package.xml
[36mCall Stack (most recent call first):[0m
  /opt/ros/kinetic/share/catkin/cmake/catkin_package.cmake:102 (_catkin_package)
  CMakeLists.txt:112 (catkin_package)


[36m--[0m Configuring incomplete, errors occurred!
See also "/home/tyjo/catkin_ws_o/test_codes/Trotbot/trotbot_ws/build/navigation/CMakeFiles/CMakeOutput.log".
See also "/home/tyjo/catkin_ws_o/test_codes/Trotbot/trotbot_ws/build/navigation/CMakeFiles/CMakeError.log".
Makefile:950: recipe for target 'cmake_check_build_system' failed
make: *** [cmake_check_build_system] Error 1
